<?xml version="1.0" encoding="UTF-8"?>
<!-- Generated by org.testng.reporters.JUnitXMLReporter -->
<testsuite ignored="0" hostname="LAPTOP-Q28PCJR2" failures="0" tests="24" name="MoviesAppTest" time="117.24" errors="0" timestamp="2023-12-27T17:36:46 IST">
  <testcase classname="HeaderSectionPageTest" name="HeaderSectionUiTest" time="0.556"/>
  <testcase classname="PopularPageTest" name="verifyMoviesDisplayed" time="1.651"/>
  <testcase classname="HeaderSectionPageTest" name="HeaderSectionFunctionalityTest" time="2.169"/>
  <testcase classname="AccountPageTest" name="accountPageUiTest" time="0.356"/>
  <testcase classname="LoginPageTest" name="loginPageUiTest" time="0.234"/>
  <testcase classname="AccountPageTest" name="logoutFunctionalityTest" time="0.137"/>
  <testcase classname="LoginPageTest" name="loginWithEmptyInputs" time="2.572"/>
  <testcase classname="MovieDetailsPageTest" name="popularMovieDetailsUiTest" time="3.337"/>
  <testcase classname="LoginPageTest" name="loginWithEmptyUsername" time="1.385"/>
  <testcase classname="LoginPageTest" name="loginWithEmptyPassword" time="0.961"/>
  <testcase classname="MovieDetailsPageTest" name="homeMovieDetailsUiTest" time="2.221"/>
  <testcase classname="LoginPageTest" name="loginWithInvalidUsername" time="0.94"/>
  <testcase classname="SearchPageTest" name="searchFunctionalityTest1" time="1.816"/>
  <testcase classname="LoginPageTest" name="loginWithInvalidPassword" time="1.464"/>
  <testcase classname="SearchPageTest" name="searchFunctionalityTest2" time="0.827"/>
  <testcase classname="LoginPageTest" name="loginWithInvalidCreds" time="0.966"/>
  <testcase classname="HomePageTest" name="verifyHomeText" time="0.101"/>
  <testcase classname="LoginPageTest" name="loginWithValidCreds" time="1.026"/>
  <testcase classname="HomePageTest" name="verifyHomeMovieHeadingAndDesc" time="0.701"/>
  <testcase classname="HomePageTest" name="verifyIsPlayBtnDisplay" time="0.636"/>
  <testcase classname="HomePageTest" name="verifyHeadingTextOfEachSection" time="0.114"/>
  <testcase classname="HomePageTest" name="verifyMoviesListInMoviesSection" time="0.663"/>
  <testcase classname="HomePageTest" name="verifyContactUsIcons" time="0.177"/>
  <testcase classname="HomePageTest" name="verifyContactUsText" time="0.126"/>
</testsuite> <!-- MoviesAppTest -->
