<?xml version="1.0" encoding="UTF-8"?>
<testng-results ignored="0" total="24" passed="24" failed="0" skipped="0">
  <reporter-output>
  </reporter-output>
  <suite started-at="2023-12-27T17:34:49 IST" name="MoviesAppTestSuite" finished-at="2023-12-27T17:36:46 IST" duration-ms="117240">
    <groups>
    </groups>
    <test started-at="2023-12-27T17:34:49 IST" name="MoviesAppTest" finished-at="2023-12-27T17:36:46 IST" duration-ms="117240">
      <class name="SearchPageTest">
        <test-method is-config="true" signature="setUp()[pri:0, instance:SearchPageTest@6497b078]" started-at="2023-12-27T17:35:43 IST" name="setUp" finished-at="2023-12-27T17:35:49 IST" duration-ms="6425" status="PASS">
          <reporter-output>
          </reporter-output>
        </test-method> <!-- setUp -->
        <test-method signature="searchFunctionalityTest1()[pri:1, instance:SearchPageTest@6497b078]" started-at="2023-12-27T17:35:49 IST" name="searchFunctionalityTest1" finished-at="2023-12-27T17:35:51 IST" duration-ms="1816" status="PASS">
          <reporter-output>
          </reporter-output>
        </test-method> <!-- searchFunctionalityTest1 -->
        <test-method is-config="true" signature="closeBrowser()[pri:0, instance:SearchPageTest@6497b078]" started-at="2023-12-27T17:35:51 IST" name="closeBrowser" finished-at="2023-12-27T17:35:52 IST" duration-ms="1052" status="PASS">
          <reporter-output>
          </reporter-output>
        </test-method> <!-- closeBrowser -->
        <test-method is-config="true" signature="setUp()[pri:0, instance:SearchPageTest@6497b078]" started-at="2023-12-27T17:35:52 IST" name="setUp" finished-at="2023-12-27T17:36:00 IST" duration-ms="7635" status="PASS">
          <reporter-output>
          </reporter-output>
        </test-method> <!-- setUp -->
        <test-method signature="searchFunctionalityTest2()[pri:2, instance:SearchPageTest@6497b078]" started-at="2023-12-27T17:36:00 IST" name="searchFunctionalityTest2" finished-at="2023-12-27T17:36:00 IST" duration-ms="827" status="PASS">
          <reporter-output>
          </reporter-output>
        </test-method> <!-- searchFunctionalityTest2 -->
        <test-method is-config="true" signature="closeBrowser()[pri:0, instance:SearchPageTest@6497b078]" started-at="2023-12-27T17:36:00 IST" name="closeBrowser" finished-at="2023-12-27T17:36:01 IST" duration-ms="906" status="PASS">
          <reporter-output>
          </reporter-output>
        </test-method> <!-- closeBrowser -->
      </class> <!-- SearchPageTest -->
      <class name="MovieDetailsPageTest">
        <test-method is-config="true" signature="setUp()[pri:0, instance:MovieDetailsPageTest@41c2284a]" started-at="2023-12-27T17:35:23 IST" name="setUp" finished-at="2023-12-27T17:35:29 IST" duration-ms="6175" status="PASS">
          <reporter-output>
          </reporter-output>
        </test-method> <!-- setUp -->
        <test-method signature="popularMovieDetailsUiTest()[pri:1, instance:MovieDetailsPageTest@41c2284a]" started-at="2023-12-27T17:35:29 IST" name="popularMovieDetailsUiTest" finished-at="2023-12-27T17:35:32 IST" duration-ms="3337" status="PASS">
          <reporter-output>
          </reporter-output>
        </test-method> <!-- popularMovieDetailsUiTest -->
        <test-method is-config="true" signature="closeBrowser()[pri:0, instance:MovieDetailsPageTest@41c2284a]" started-at="2023-12-27T17:35:32 IST" name="closeBrowser" finished-at="2023-12-27T17:35:33 IST" duration-ms="944" status="PASS">
          <reporter-output>
          </reporter-output>
        </test-method> <!-- closeBrowser -->
        <test-method is-config="true" signature="setUp()[pri:0, instance:MovieDetailsPageTest@41c2284a]" started-at="2023-12-27T17:35:33 IST" name="setUp" finished-at="2023-12-27T17:35:39 IST" duration-ms="6273" status="PASS">
          <reporter-output>
          </reporter-output>
        </test-method> <!-- setUp -->
        <test-method signature="homeMovieDetailsUiTest()[pri:2, instance:MovieDetailsPageTest@41c2284a]" started-at="2023-12-27T17:35:39 IST" name="homeMovieDetailsUiTest" finished-at="2023-12-27T17:35:42 IST" duration-ms="2221" status="PASS">
          <reporter-output>
          </reporter-output>
        </test-method> <!-- homeMovieDetailsUiTest -->
        <test-method is-config="true" signature="closeBrowser()[pri:0, instance:MovieDetailsPageTest@41c2284a]" started-at="2023-12-27T17:35:42 IST" name="closeBrowser" finished-at="2023-12-27T17:35:43 IST" duration-ms="949" status="PASS">
          <reporter-output>
          </reporter-output>
        </test-method> <!-- closeBrowser -->
      </class> <!-- MovieDetailsPageTest -->
      <class name="LoginPageTest">
        <test-method is-config="true" signature="setUp()[pri:0, instance:LoginPageTest@38e79ae3]" started-at="2023-12-27T17:35:12 IST" name="setUp" finished-at="2023-12-27T17:35:19 IST" duration-ms="6950" status="PASS">
          <reporter-output>
          </reporter-output>
        </test-method> <!-- setUp -->
        <test-method signature="loginPageUiTest()[pri:1, instance:LoginPageTest@38e79ae3]" started-at="2023-12-27T17:35:19 IST" name="loginPageUiTest" finished-at="2023-12-27T17:35:20 IST" duration-ms="234" status="PASS">
          <reporter-output>
          </reporter-output>
        </test-method> <!-- loginPageUiTest -->
        <test-method is-config="true" signature="closeBrowser()[pri:0, instance:LoginPageTest@38e79ae3]" started-at="2023-12-27T17:35:20 IST" name="closeBrowser" finished-at="2023-12-27T17:35:21 IST" duration-ms="906" status="PASS">
          <reporter-output>
          </reporter-output>
        </test-method> <!-- closeBrowser -->
        <test-method is-config="true" signature="setUp()[pri:0, instance:LoginPageTest@38e79ae3]" started-at="2023-12-27T17:35:21 IST" name="setUp" finished-at="2023-12-27T17:35:23 IST" duration-ms="2315" status="PASS">
          <reporter-output>
          </reporter-output>
        </test-method> <!-- setUp -->
        <test-method signature="loginWithEmptyInputs()[pri:2, instance:LoginPageTest@38e79ae3]" started-at="2023-12-27T17:35:23 IST" name="loginWithEmptyInputs" finished-at="2023-12-27T17:35:25 IST" duration-ms="2572" status="PASS">
          <reporter-output>
          </reporter-output>
        </test-method> <!-- loginWithEmptyInputs -->
        <test-method is-config="true" signature="closeBrowser()[pri:0, instance:LoginPageTest@38e79ae3]" started-at="2023-12-27T17:35:25 IST" name="closeBrowser" finished-at="2023-12-27T17:35:26 IST" duration-ms="927" status="PASS">
          <reporter-output>
          </reporter-output>
        </test-method> <!-- closeBrowser -->
        <test-method is-config="true" signature="setUp()[pri:0, instance:LoginPageTest@38e79ae3]" started-at="2023-12-27T17:35:26 IST" name="setUp" finished-at="2023-12-27T17:35:32 IST" duration-ms="5392" status="PASS">
          <reporter-output>
          </reporter-output>
        </test-method> <!-- setUp -->
        <test-method signature="loginWithEmptyUsername()[pri:3, instance:LoginPageTest@38e79ae3]" started-at="2023-12-27T17:35:32 IST" name="loginWithEmptyUsername" finished-at="2023-12-27T17:35:33 IST" duration-ms="1385" status="PASS">
          <reporter-output>
          </reporter-output>
        </test-method> <!-- loginWithEmptyUsername -->
        <test-method is-config="true" signature="closeBrowser()[pri:0, instance:LoginPageTest@38e79ae3]" started-at="2023-12-27T17:35:33 IST" name="closeBrowser" finished-at="2023-12-27T17:35:34 IST" duration-ms="961" status="PASS">
          <reporter-output>
          </reporter-output>
        </test-method> <!-- closeBrowser -->
        <test-method is-config="true" signature="setUp()[pri:0, instance:LoginPageTest@38e79ae3]" started-at="2023-12-27T17:35:34 IST" name="setUp" finished-at="2023-12-27T17:35:39 IST" duration-ms="5379" status="PASS">
          <reporter-output>
          </reporter-output>
        </test-method> <!-- setUp -->
        <test-method signature="loginWithEmptyPassword()[pri:4, instance:LoginPageTest@38e79ae3]" started-at="2023-12-27T17:35:39 IST" name="loginWithEmptyPassword" finished-at="2023-12-27T17:35:40 IST" duration-ms="961" status="PASS">
          <reporter-output>
          </reporter-output>
        </test-method> <!-- loginWithEmptyPassword -->
        <test-method is-config="true" signature="closeBrowser()[pri:0, instance:LoginPageTest@38e79ae3]" started-at="2023-12-27T17:35:40 IST" name="closeBrowser" finished-at="2023-12-27T17:35:41 IST" duration-ms="902" status="PASS">
          <reporter-output>
          </reporter-output>
        </test-method> <!-- closeBrowser -->
        <test-method is-config="true" signature="setUp()[pri:0, instance:LoginPageTest@38e79ae3]" started-at="2023-12-27T17:35:41 IST" name="setUp" finished-at="2023-12-27T17:35:47 IST" duration-ms="5296" status="PASS">
          <reporter-output>
          </reporter-output>
        </test-method> <!-- setUp -->
        <test-method signature="loginWithInvalidUsername()[pri:5, instance:LoginPageTest@38e79ae3]" started-at="2023-12-27T17:35:47 IST" name="loginWithInvalidUsername" finished-at="2023-12-27T17:35:48 IST" duration-ms="940" status="PASS">
          <reporter-output>
          </reporter-output>
        </test-method> <!-- loginWithInvalidUsername -->
        <test-method is-config="true" signature="closeBrowser()[pri:0, instance:LoginPageTest@38e79ae3]" started-at="2023-12-27T17:35:48 IST" name="closeBrowser" finished-at="2023-12-27T17:35:48 IST" duration-ms="833" status="PASS">
          <reporter-output>
          </reporter-output>
        </test-method> <!-- closeBrowser -->
        <test-method is-config="true" signature="setUp()[pri:0, instance:LoginPageTest@38e79ae3]" started-at="2023-12-27T17:35:48 IST" name="setUp" finished-at="2023-12-27T17:35:53 IST" duration-ms="4857" status="PASS">
          <reporter-output>
          </reporter-output>
        </test-method> <!-- setUp -->
        <test-method signature="loginWithInvalidPassword()[pri:6, instance:LoginPageTest@38e79ae3]" started-at="2023-12-27T17:35:53 IST" name="loginWithInvalidPassword" finished-at="2023-12-27T17:35:55 IST" duration-ms="1464" status="PASS">
          <reporter-output>
          </reporter-output>
        </test-method> <!-- loginWithInvalidPassword -->
        <test-method is-config="true" signature="closeBrowser()[pri:0, instance:LoginPageTest@38e79ae3]" started-at="2023-12-27T17:35:55 IST" name="closeBrowser" finished-at="2023-12-27T17:35:56 IST" duration-ms="1048" status="PASS">
          <reporter-output>
          </reporter-output>
        </test-method> <!-- closeBrowser -->
        <test-method is-config="true" signature="setUp()[pri:0, instance:LoginPageTest@38e79ae3]" started-at="2023-12-27T17:35:56 IST" name="setUp" finished-at="2023-12-27T17:36:00 IST" duration-ms="4085" status="PASS">
          <reporter-output>
          </reporter-output>
        </test-method> <!-- setUp -->
        <test-method signature="loginWithInvalidCreds()[pri:7, instance:LoginPageTest@38e79ae3]" started-at="2023-12-27T17:36:00 IST" name="loginWithInvalidCreds" finished-at="2023-12-27T17:36:01 IST" duration-ms="966" status="PASS">
          <reporter-output>
          </reporter-output>
        </test-method> <!-- loginWithInvalidCreds -->
        <test-method is-config="true" signature="closeBrowser()[pri:0, instance:LoginPageTest@38e79ae3]" started-at="2023-12-27T17:36:01 IST" name="closeBrowser" finished-at="2023-12-27T17:36:02 IST" duration-ms="911" status="PASS">
          <reporter-output>
          </reporter-output>
        </test-method> <!-- closeBrowser -->
        <test-method is-config="true" signature="setUp()[pri:0, instance:LoginPageTest@38e79ae3]" started-at="2023-12-27T17:36:02 IST" name="setUp" finished-at="2023-12-27T17:36:08 IST" duration-ms="5786" status="PASS">
          <reporter-output>
          </reporter-output>
        </test-method> <!-- setUp -->
        <test-method signature="loginWithValidCreds()[pri:8, instance:LoginPageTest@38e79ae3]" started-at="2023-12-27T17:36:08 IST" name="loginWithValidCreds" finished-at="2023-12-27T17:36:09 IST" duration-ms="1026" status="PASS">
          <reporter-output>
          </reporter-output>
        </test-method> <!-- loginWithValidCreds -->
        <test-method is-config="true" signature="closeBrowser()[pri:0, instance:LoginPageTest@38e79ae3]" started-at="2023-12-27T17:36:09 IST" name="closeBrowser" finished-at="2023-12-27T17:36:09 IST" duration-ms="913" status="PASS">
          <reporter-output>
          </reporter-output>
        </test-method> <!-- closeBrowser -->
      </class> <!-- LoginPageTest -->
      <class name="AccountPageTest">
        <test-method is-config="true" signature="setUp()[pri:0, instance:AccountPageTest@53aad5d5]" started-at="2023-12-27T17:35:03 IST" name="setUp" finished-at="2023-12-27T17:35:11 IST" duration-ms="7911" status="PASS">
          <reporter-output>
          </reporter-output>
        </test-method> <!-- setUp -->
        <test-method signature="accountPageUiTest()[pri:1, instance:AccountPageTest@53aad5d5]" started-at="2023-12-27T17:35:11 IST" name="accountPageUiTest" finished-at="2023-12-27T17:35:11 IST" duration-ms="356" status="PASS">
          <reporter-output>
          </reporter-output>
        </test-method> <!-- accountPageUiTest -->
        <test-method is-config="true" signature="closeBrowser()[pri:0, instance:AccountPageTest@53aad5d5]" started-at="2023-12-27T17:35:11 IST" name="closeBrowser" finished-at="2023-12-27T17:35:12 IST" duration-ms="1031" status="PASS">
          <reporter-output>
          </reporter-output>
        </test-method> <!-- closeBrowser -->
        <test-method is-config="true" signature="setUp()[pri:0, instance:AccountPageTest@53aad5d5]" started-at="2023-12-27T17:35:12 IST" name="setUp" finished-at="2023-12-27T17:35:21 IST" duration-ms="8364" status="PASS">
          <reporter-output>
          </reporter-output>
        </test-method> <!-- setUp -->
        <test-method signature="logoutFunctionalityTest()[pri:2, instance:AccountPageTest@53aad5d5]" started-at="2023-12-27T17:35:21 IST" name="logoutFunctionalityTest" finished-at="2023-12-27T17:35:21 IST" duration-ms="137" status="PASS">
          <reporter-output>
          </reporter-output>
        </test-method> <!-- logoutFunctionalityTest -->
        <test-method is-config="true" signature="closeBrowser()[pri:0, instance:AccountPageTest@53aad5d5]" started-at="2023-12-27T17:35:21 IST" name="closeBrowser" finished-at="2023-12-27T17:35:23 IST" duration-ms="1780" status="PASS">
          <reporter-output>
          </reporter-output>
        </test-method> <!-- closeBrowser -->
      </class> <!-- AccountPageTest -->
      <class name="PopularPageTest">
        <test-method is-config="true" signature="setUp()[pri:0, instance:PopularPageTest@1329eff]" started-at="2023-12-27T17:34:49 IST" name="setUp" finished-at="2023-12-27T17:35:01 IST" duration-ms="11576" status="PASS">
          <reporter-output>
          </reporter-output>
        </test-method> <!-- setUp -->
        <test-method signature="verifyMoviesDisplayed()[pri:0, instance:PopularPageTest@1329eff]" started-at="2023-12-27T17:35:01 IST" name="verifyMoviesDisplayed" finished-at="2023-12-27T17:35:02 IST" duration-ms="1651" status="PASS">
          <reporter-output>
          </reporter-output>
        </test-method> <!-- verifyMoviesDisplayed -->
        <test-method is-config="true" signature="closeBrowser()[pri:0, instance:PopularPageTest@1329eff]" started-at="2023-12-27T17:35:02 IST" name="closeBrowser" finished-at="2023-12-27T17:35:03 IST" duration-ms="985" status="PASS">
          <reporter-output>
          </reporter-output>
        </test-method> <!-- closeBrowser -->
      </class> <!-- PopularPageTest -->
      <class name="HomePageTest">
        <test-method is-config="true" signature="setUp()[pri:0, instance:HomePageTest@1356d4d4]" started-at="2023-12-27T17:36:01 IST" name="setUp" finished-at="2023-12-27T17:36:08 IST" duration-ms="6722" status="PASS">
          <reporter-output>
          </reporter-output>
        </test-method> <!-- setUp -->
        <test-method signature="verifyHomeText()[pri:1, instance:HomePageTest@1356d4d4]" started-at="2023-12-27T17:36:08 IST" name="verifyHomeText" finished-at="2023-12-27T17:36:08 IST" duration-ms="101" status="PASS">
          <reporter-output>
          </reporter-output>
        </test-method> <!-- verifyHomeText -->
        <test-method is-config="true" signature="closeBrowser()[pri:0, instance:HomePageTest@1356d4d4]" started-at="2023-12-27T17:36:08 IST" name="closeBrowser" finished-at="2023-12-27T17:36:09 IST" duration-ms="924" status="PASS">
          <reporter-output>
          </reporter-output>
        </test-method> <!-- closeBrowser -->
        <test-method is-config="true" signature="setUp()[pri:0, instance:HomePageTest@1356d4d4]" started-at="2023-12-27T17:36:09 IST" name="setUp" finished-at="2023-12-27T17:36:13 IST" duration-ms="4265" status="PASS">
          <reporter-output>
          </reporter-output>
        </test-method> <!-- setUp -->
        <test-method signature="verifyHomeMovieHeadingAndDesc()[pri:2, instance:HomePageTest@1356d4d4]" started-at="2023-12-27T17:36:13 IST" name="verifyHomeMovieHeadingAndDesc" finished-at="2023-12-27T17:36:14 IST" duration-ms="701" status="PASS">
          <reporter-output>
          </reporter-output>
        </test-method> <!-- verifyHomeMovieHeadingAndDesc -->
        <test-method is-config="true" signature="closeBrowser()[pri:0, instance:HomePageTest@1356d4d4]" started-at="2023-12-27T17:36:14 IST" name="closeBrowser" finished-at="2023-12-27T17:36:15 IST" duration-ms="895" status="PASS">
          <reporter-output>
          </reporter-output>
        </test-method> <!-- closeBrowser -->
        <test-method is-config="true" signature="setUp()[pri:0, instance:HomePageTest@1356d4d4]" started-at="2023-12-27T17:36:15 IST" name="setUp" finished-at="2023-12-27T17:36:20 IST" duration-ms="4614" status="PASS">
          <reporter-output>
          </reporter-output>
        </test-method> <!-- setUp -->
        <test-method signature="verifyIsPlayBtnDisplay()[pri:3, instance:HomePageTest@1356d4d4]" started-at="2023-12-27T17:36:20 IST" name="verifyIsPlayBtnDisplay" finished-at="2023-12-27T17:36:20 IST" duration-ms="636" status="PASS">
          <reporter-output>
          </reporter-output>
        </test-method> <!-- verifyIsPlayBtnDisplay -->
        <test-method is-config="true" signature="closeBrowser()[pri:0, instance:HomePageTest@1356d4d4]" started-at="2023-12-27T17:36:20 IST" name="closeBrowser" finished-at="2023-12-27T17:36:21 IST" duration-ms="890" status="PASS">
          <reporter-output>
          </reporter-output>
        </test-method> <!-- closeBrowser -->
        <test-method is-config="true" signature="setUp()[pri:0, instance:HomePageTest@1356d4d4]" started-at="2023-12-27T17:36:21 IST" name="setUp" finished-at="2023-12-27T17:36:26 IST" duration-ms="5372" status="PASS">
          <reporter-output>
          </reporter-output>
        </test-method> <!-- setUp -->
        <test-method signature="verifyHeadingTextOfEachSection()[pri:4, instance:HomePageTest@1356d4d4]" started-at="2023-12-27T17:36:26 IST" name="verifyHeadingTextOfEachSection" finished-at="2023-12-27T17:36:27 IST" duration-ms="114" status="PASS">
          <reporter-output>
          </reporter-output>
        </test-method> <!-- verifyHeadingTextOfEachSection -->
        <test-method is-config="true" signature="closeBrowser()[pri:0, instance:HomePageTest@1356d4d4]" started-at="2023-12-27T17:36:27 IST" name="closeBrowser" finished-at="2023-12-27T17:36:27 IST" duration-ms="885" status="PASS">
          <reporter-output>
          </reporter-output>
        </test-method> <!-- closeBrowser -->
        <test-method is-config="true" signature="setUp()[pri:0, instance:HomePageTest@1356d4d4]" started-at="2023-12-27T17:36:27 IST" name="setUp" finished-at="2023-12-27T17:36:33 IST" duration-ms="5195" status="PASS">
          <reporter-output>
          </reporter-output>
        </test-method> <!-- setUp -->
        <test-method signature="verifyMoviesListInMoviesSection()[pri:5, instance:HomePageTest@1356d4d4]" started-at="2023-12-27T17:36:33 IST" name="verifyMoviesListInMoviesSection" finished-at="2023-12-27T17:36:33 IST" duration-ms="663" status="PASS">
          <reporter-output>
          </reporter-output>
        </test-method> <!-- verifyMoviesListInMoviesSection -->
        <test-method is-config="true" signature="closeBrowser()[pri:0, instance:HomePageTest@1356d4d4]" started-at="2023-12-27T17:36:33 IST" name="closeBrowser" finished-at="2023-12-27T17:36:34 IST" duration-ms="907" status="PASS">
          <reporter-output>
          </reporter-output>
        </test-method> <!-- closeBrowser -->
        <test-method is-config="true" signature="setUp()[pri:0, instance:HomePageTest@1356d4d4]" started-at="2023-12-27T17:36:34 IST" name="setUp" finished-at="2023-12-27T17:36:40 IST" duration-ms="5458" status="PASS">
          <reporter-output>
          </reporter-output>
        </test-method> <!-- setUp -->
        <test-method signature="verifyContactUsIcons()[pri:6, instance:HomePageTest@1356d4d4]" started-at="2023-12-27T17:36:40 IST" name="verifyContactUsIcons" finished-at="2023-12-27T17:36:40 IST" duration-ms="177" status="PASS">
          <reporter-output>
          </reporter-output>
        </test-method> <!-- verifyContactUsIcons -->
        <test-method is-config="true" signature="closeBrowser()[pri:0, instance:HomePageTest@1356d4d4]" started-at="2023-12-27T17:36:40 IST" name="closeBrowser" finished-at="2023-12-27T17:36:41 IST" duration-ms="949" status="PASS">
          <reporter-output>
          </reporter-output>
        </test-method> <!-- closeBrowser -->
        <test-method is-config="true" signature="setUp()[pri:0, instance:HomePageTest@1356d4d4]" started-at="2023-12-27T17:36:41 IST" name="setUp" finished-at="2023-12-27T17:36:45 IST" duration-ms="4215" status="PASS">
          <reporter-output>
          </reporter-output>
        </test-method> <!-- setUp -->
        <test-method signature="verifyContactUsText()[pri:7, instance:HomePageTest@1356d4d4]" started-at="2023-12-27T17:36:45 IST" name="verifyContactUsText" finished-at="2023-12-27T17:36:45 IST" duration-ms="126" status="PASS">
          <reporter-output>
          </reporter-output>
        </test-method> <!-- verifyContactUsText -->
        <test-method is-config="true" signature="closeBrowser()[pri:0, instance:HomePageTest@1356d4d4]" started-at="2023-12-27T17:36:45 IST" name="closeBrowser" finished-at="2023-12-27T17:36:46 IST" duration-ms="834" status="PASS">
          <reporter-output>
          </reporter-output>
        </test-method> <!-- closeBrowser -->
      </class> <!-- HomePageTest -->
      <class name="HeaderSectionPageTest">
        <test-method is-config="true" signature="setUp()[pri:0, instance:HeaderSectionPageTest@c03cf28]" started-at="2023-12-27T17:34:49 IST" name="setUp" finished-at="2023-12-27T17:35:01 IST" duration-ms="12049" status="PASS">
          <reporter-output>
          </reporter-output>
        </test-method> <!-- setUp -->
        <test-method signature="HeaderSectionUiTest()[pri:1, instance:HeaderSectionPageTest@c03cf28]" started-at="2023-12-27T17:35:01 IST" name="HeaderSectionUiTest" finished-at="2023-12-27T17:35:02 IST" duration-ms="556" status="PASS">
          <reporter-output>
          </reporter-output>
        </test-method> <!-- HeaderSectionUiTest -->
        <test-method is-config="true" signature="closeBrowser()[pri:0, instance:HeaderSectionPageTest@c03cf28]" started-at="2023-12-27T17:35:02 IST" name="closeBrowser" finished-at="2023-12-27T17:35:03 IST" duration-ms="1216" status="PASS">
          <reporter-output>
          </reporter-output>
        </test-method> <!-- closeBrowser -->
        <test-method is-config="true" signature="setUp()[pri:0, instance:HeaderSectionPageTest@c03cf28]" started-at="2023-12-27T17:35:03 IST" name="setUp" finished-at="2023-12-27T17:35:09 IST" duration-ms="6040" status="PASS">
          <reporter-output>
          </reporter-output>
        </test-method> <!-- setUp -->
        <test-method signature="HeaderSectionFunctionalityTest()[pri:2, instance:HeaderSectionPageTest@c03cf28]" started-at="2023-12-27T17:35:09 IST" name="HeaderSectionFunctionalityTest" finished-at="2023-12-27T17:35:11 IST" duration-ms="2169" status="PASS">
          <reporter-output>
          </reporter-output>
        </test-method> <!-- HeaderSectionFunctionalityTest -->
        <test-method is-config="true" signature="closeBrowser()[pri:0, instance:HeaderSectionPageTest@c03cf28]" started-at="2023-12-27T17:35:11 IST" name="closeBrowser" finished-at="2023-12-27T17:35:12 IST" duration-ms="1489" status="PASS">
          <reporter-output>
          </reporter-output>
        </test-method> <!-- closeBrowser -->
      </class> <!-- HeaderSectionPageTest -->
    </test> <!-- MoviesAppTest -->
  </suite> <!-- MoviesAppTestSuite -->
</testng-results>
